<?xml version="1.0" encoding="UTF-8"?>
<!-- Generated by org.testng.reporters.JUnitReportReporter -->
<testsuite skipped="0" hostname="MXITL156" name="param.ParameterDemo" tests="1" failures="0" timestamp="2022-09-26T18:52:26 IST" time="6.388" errors="0">
  <testcase name="login" time="6.388" classname="param.ParameterDemo"/>
  <system-out/>
</testsuite> <!-- param.ParameterDemo -->
