<?xml version="1.0" encoding="UTF-8"?>
<!-- Generated by org.testng.reporters.JUnitReportReporter -->
<testsuite skipped="1" hostname="MXITL156" name="test.TestClass3" tests="6" failures="0" timestamp="2022-09-20T18:42:58 IST" time="0.031" errors="0">
  <testcase name="login" time="0.002" classname="test.TestClass3"/>
  <system-out/>
  <testcase name="test1" time="0.002" classname="test.TestClass3"/>
  <system-out/>
  <testcase name="login" time="0.020" classname="test.TestClass3"/>
  <system-out/>
  <testcase name="login" time="0.005" classname="test.TestClass3"/>
  <system-out/>
  <testcase name="test1" time="0.002" classname="test.TestClass3"/>
  <system-out/>
  <testcase name="test2" classname="test.TestClass3">
    <skipped/>
  </testcase> <!-- test2 -->
  <system-out/>
</testsuite> <!-- test.TestClass3 -->
