<?xml version="1.0" encoding="UTF-8"?>
<!-- Generated by org.testng.reporters.JUnitReportReporter -->
<testsuite skipped="0" hostname="MXITL156" name="dataprovider.DataproviderDemo" tests="2" failures="0" timestamp="2022-09-23T19:22:54 IST" time="23.604" errors="0">
  <testcase name="login" time="13.194" classname="dataprovider.DataproviderDemo"/>
  <system-out/>
  <testcase name="login" time="10.410" classname="dataprovider.DataproviderDemo"/>
  <system-out/>
</testsuite> <!-- dataprovider.DataproviderDemo -->
