<?xml version="1.0" encoding="UTF-8"?>
<!-- Generated by org.testng.reporters.JUnitReportReporter -->
<testsuite skipped="0" hostname="MXITL156" name="annotation.AnnotationDemoTestClass" tests="2" failures="0" timestamp="2022-09-20T19:09:08 IST" time="0.010" errors="0">
  <testcase name="test1" time="0.001" classname="annotation.AnnotationDemoTestClass"/>
  <system-out/>
  <testcase name="login" time="0.009" classname="annotation.AnnotationDemoTestClass"/>
  <system-out/>
</testsuite> <!-- annotation.AnnotationDemoTestClass -->
