<?xml version="1.0" encoding="UTF-8"?>
<!-- Generated by org.testng.reporters.JUnitReportReporter -->
<testsuite skipped="0" hostname="MXITL156" name="test.GroupsKeyword" tests="2" failures="0" timestamp="2022-09-21T19:39:51 IST" time="0.047" errors="0">
  <testcase name="login" time="0.045" classname="test.GroupsKeyword"/>
  <system-out/>
  <testcase name="test2" time="0.002" classname="test.GroupsKeyword"/>
  <system-out/>
</testsuite> <!-- test.GroupsKeyword -->
