<?xml version="1.0" encoding="UTF-8"?>
<!-- Generated by org.testng.reporters.JUnitReportReporter -->
<testsuite skipped="0" hostname="MXITL156" name="actions.KeyboardDemo" tests="1" failures="0" timestamp="2022-09-26T19:36:57 IST" time="12.493" errors="0">
  <testcase name="f" time="12.493" classname="actions.KeyboardDemo"/>
  <system-out/>
</testsuite> <!-- actions.KeyboardDemo -->
