<?xml version="1.0" encoding="UTF-8"?>
<!-- Generated by org.testng.reporters.JUnitReportReporter -->
<testsuite skipped="0" hostname="MXITL156" name="testng.TestNGDemo" tests="1" failures="0" timestamp="2022-09-15T19:29:45 IST" time="5.409" errors="0">
  <testcase name="launchBrowser" time="5.409" classname="testng.TestNGDemo"/>
  <system-out/>
</testsuite> <!-- testng.TestNGDemo -->
